2020-04-10 01:22:57.535  INFO 5880 --- [restartedMain] l.m.community.CommunityApplication       : Starting CommunityApplication on DESKTOP-41Q5BKO with PID 5880 (D:\SoftwareFrame\ideaIU-2018.3.5.win\IdeaProjects\community\target\classes started by M-Parey in D:\SoftwareFrame\ideaIU-2018.3.5.win\IdeaProjects\community)
2020-04-10 01:22:57.557  INFO 5880 --- [restartedMain] l.m.community.CommunityApplication       : No active profile set, falling back to default profiles: default
2020-04-10 01:22:57.690  INFO 5880 --- [restartedMain] .e.DevToolsPropertyDefaultsPostProcessor : Devtools property defaults active! Set 'spring.devtools.add-properties' to 'false' to disable
2020-04-10 01:22:57.690  INFO 5880 --- [restartedMain] .e.DevToolsPropertyDefaultsPostProcessor : For additional web related logging consider setting the 'logging.level.web' property to 'DEBUG'
2020-04-10 01:22:59.111  INFO 5880 --- [restartedMain] o.s.b.w.embedded.tomcat.TomcatWebServer  : Tomcat initialized with port(s): 8888 (http)
2020-04-10 01:22:59.132  INFO 5880 --- [restartedMain] o.apache.catalina.core.StandardService   : Starting service [Tomcat]
2020-04-10 01:22:59.132  INFO 5880 --- [restartedMain] org.apache.catalina.core.StandardEngine  : Starting Servlet engine: [Apache Tomcat/9.0.29]
2020-04-10 01:22:59.211  INFO 5880 --- [restartedMain] o.a.c.c.C.[Tomcat].[localhost].[/]       : Initializing Spring embedded WebApplicationContext
2020-04-10 01:22:59.211  INFO 5880 --- [restartedMain] o.s.web.context.ContextLoader            : Root WebApplicationContext: initialization completed in 1521 ms
2020-04-10 01:22:59.233  INFO 5880 --- [restartedMain] com.zaxxer.hikari.HikariDataSource       : HikariPool-1 - Starting...
2020-04-10 01:22:59.503  INFO 5880 --- [restartedMain] com.zaxxer.hikari.HikariDataSource       : HikariPool-1 - Start completed.
2020-04-10 01:22:59.503  INFO 5880 --- [restartedMain] o.s.b.a.h2.H2ConsoleAutoConfiguration    : H2 console available at '/h2-console'. Database available at 'jdbc:h2:~/community'
2020-04-10 01:23:00.063  INFO 5880 --- [restartedMain] o.s.s.concurrent.ThreadPoolTaskExecutor  : Initializing ExecutorService 'applicationTaskExecutor'
2020-04-10 01:23:00.123  INFO 5880 --- [restartedMain] o.s.b.a.w.s.WelcomePageHandlerMapping    : Adding welcome page template: index
2020-04-10 01:23:00.387  INFO 5880 --- [restartedMain] o.s.b.d.a.OptionalLiveReloadServer       : LiveReload server is running on port 35729
2020-04-10 01:23:00.427  INFO 5880 --- [restartedMain] o.s.b.w.embedded.tomcat.TomcatWebServer  : Tomcat started on port(s): 8888 (http) with context path ''
2020-04-10 01:23:00.430  INFO 5880 --- [restartedMain] l.m.community.CommunityApplication       : Started CommunityApplication in 3.843 seconds (JVM running for 5.501)
2020-04-10 01:24:17.385  INFO 5880 --- [http-nio-8888-exec-1] o.a.c.c.C.[Tomcat].[localhost].[/]       : Initializing Spring DispatcherServlet 'dispatcherServlet'
2020-04-10 01:24:17.385  INFO 5880 --- [http-nio-8888-exec-1] o.s.web.servlet.DispatcherServlet        : Initializing Servlet 'dispatcherServlet'
2020-04-10 01:24:17.390  INFO 5880 --- [http-nio-8888-exec-1] o.s.web.servlet.DispatcherServlet        : Completed initialization in 5 ms
